moduleApp/flappyAccountApp/build/intermediates/manifest_merge_blame_file/debug/manifest-merger-blame-debug-report.txt
1<?xml version="1.0" encoding="utf-8"?>
2<manifest xmlns:android="http://schemas.android.com/apk/res/android"
3    package="com.cpen391.flappyBird.flappyAccountApp"
4    android:versionCode="1"
5    android:versionName="1.0.0" >
6
7    <uses-sdk
8        android:minSdkVersion="26"
8-->src\main\AndroidManifest.xml
9        android:targetSdkVersion="28" />
9-->src\main\AndroidManifest.xml
10
11    <uses-permission android:name="android.permission.RECORD_AUDIO" /> <!-- permission to access user's location -->
11-->[:flappyAccount] AndroidManifest.xml:11:5-71
11-->[:flappyAccount] AndroidManifest.xml:11:22-68
12    <uses-permission android:name="android.permission.ACCESS_FINE_LOCATION" />
12-->[:flappyAccount] AndroidManifest.xml:14:5-79
12-->[:flappyAccount] AndroidManifest.xml:14:22-76
13    <uses-permission android:name="android.permission.ACCESS_COARSE_LOCATION" /> <!-- permissions for bluetooth connection module -->
13-->[:flappyAccount] AndroidManifest.xml:15:5-81
13-->[:flappyAccount] AndroidManifest.xml:15:22-78
14    <uses-permission android:name="android.permission.BLUETOOTH" />
14-->[:flappyBluetooth] AndroidManifest.xml:11:5-68
14-->[:flappyBluetooth] AndroidManifest.xml:11:22-65
15    <uses-permission android:name="android.permission.BLUETOOTH_ADMIN" />
15-->[:flappyBluetooth] AndroidManifest.xml:12:5-74
15-->[:flappyBluetooth] AndroidManifest.xml:12:22-71
16    <uses-permission android:name="android.permission.INTERNET" />
16-->[:businessBase] AndroidManifest.xml:11:5-67
16-->[:businessBase] AndroidManifest.xml:11:22-64
17    <uses-permission android:name="android.permission.ACCESS_NETWORK_STATE" />
17-->[:businessBase] AndroidManifest.xml:12:5-79
17-->[:businessBase] AndroidManifest.xml:12:22-76
18    <uses-permission android:name="android.permission.ACCESS_WIFI_STATE" /> <!-- To store the heap dumps and leak analysis results. -->
18-->[:businessBase] AndroidManifest.xml:13:5-76
18-->[:businessBase] AndroidManifest.xml:13:22-73
19    <uses-permission android:name="android.permission.READ_EXTERNAL_STORAGE" />
19-->[com.squareup.leakcanary:leakcanary-android-core:2.4] AndroidManifest.xml:23:5-80
19-->[com.squareup.leakcanary:leakcanary-android-core:2.4] AndroidManifest.xml:23:22-77
20    <uses-permission android:name="android.permission.WRITE_EXTERNAL_STORAGE" /> <!-- To allow starting foreground services on Android P+ - https://developer.android.com/preview/behavior-changes#fg-svc -->
20-->[com.squareup.leakcanary:leakcanary-android-core:2.4] AndroidManifest.xml:24:5-81
20-->[com.squareup.leakcanary:leakcanary-android-core:2.4] AndroidManifest.xml:24:22-78
21    <uses-permission android:name="android.permission.FOREGROUND_SERVICE" />
21-->[com.squareup.leakcanary:leakcanary-android-core:2.4] AndroidManifest.xml:26:5-77
21-->[com.squareup.leakcanary:leakcanary-android-core:2.4] AndroidManifest.xml:26:22-74
22    <uses-permission android:name="android.permission.WAKE_LOCK" />
22-->[com.google.android.gms:play-services-measurement-api:18.0.2] AndroidManifest.xml:24:5-68
22-->[com.google.android.gms:play-services-measurement-api:18.0.2] AndroidManifest.xml:24:22-65
23    <uses-permission android:name="com.google.android.finsky.permission.BIND_GET_INSTALL_REFERRER_SERVICE" />
23-->[com.google.android.gms:play-services-measurement:18.0.2] AndroidManifest.xml:26:5-110
23-->[com.google.android.gms:play-services-measurement:18.0.2] AndroidManifest.xml:26:22-107
24
25    <application
25-->src\main\AndroidManifest.xml:5:5-22:19
26        android:name="com.cpen391.businessbase.application.BusinessApp"
26-->src\main\AndroidManifest.xml:6:9-72
27        android:allowBackup="true"
27-->src\main\AndroidManifest.xml:7:9-35
28        android:appComponentFactory="androidx.core.app.CoreComponentFactory"
28-->[androidx.core:core:1.3.1] AndroidManifest.xml:24:18-86
29        android:debuggable="true"
30        android:extractNativeLibs="false"
31        android:icon="@mipmap/ic_launcher"
31-->src\main\AndroidManifest.xml:8:9-43
32        android:label="@string/app_name"
32-->src\main\AndroidManifest.xml:9:9-41
33        android:networkSecurityConfig="@xml/network_security_config"
33-->src\main\AndroidManifest.xml:10:9-69
34        android:roundIcon="@mipmap/ic_launcher_round"
34-->src\main\AndroidManifest.xml:11:9-54
35        android:supportsRtl="true"
35-->src\main\AndroidManifest.xml:12:9-35
36        android:testOnly="true"
37        android:theme="@style/AppTheme" >
37-->src\main\AndroidManifest.xml:13:9-40
38        <activity
38-->src\main\AndroidManifest.xml:14:9-20:20
39            android:name="com.cpen391.flappyaccount.activity.LoginActivity"
39-->src\main\AndroidManifest.xml:14:19-82
40            android:launchMode="singleTop"
40-->[:flappyAccount] AndroidManifest.xml:39:13-43
41            android:windowSoftInputMode="stateHidden" >
41-->[:flappyAccount] AndroidManifest.xml:40:13-54
42            <intent-filter>
42-->src\main\AndroidManifest.xml:15:13-19:29
43                <action android:name="android.intent.action.MAIN" />
43-->src\main\AndroidManifest.xml:16:17-69
43-->src\main\AndroidManifest.xml:16:25-66
44
45                <category android:name="android.intent.category.LAUNCHER" />
45-->src\main\AndroidManifest.xml:18:17-77
45-->src\main\AndroidManifest.xml:18:27-74
46            </intent-filter>
47        </activity>
48        <activity
48-->[:flappyAccount] AndroidManifest.xml:18:9-21:20
49            android:name="com.cpen391.flappyaccount.activity.VerifyOTPActivity"
49-->[:flappyAccount] AndroidManifest.xml:19:13-80
50            android:launchMode="singleTop" >
50-->[:flappyAccount] AndroidManifest.xml:20:13-43
51        </activity>
52        <activity
52-->[:flappyAccount] AndroidManifest.xml:22:9-24:46
53            android:name="com.cpen391.flappyaccount.activity.ResetPasswordSuccessActivity"
53-->[:flappyAccount] AndroidManifest.xml:23:13-91
54            android:launchMode="singleTop" />
54-->[:flappyAccount] AndroidManifest.xml:24:13-43
55        <activity
55-->[:flappyAccount] AndroidManifest.xml:25:9-27:46
56            android:name="com.cpen391.flappyaccount.activity.ForgetPasswordActivity"
56-->[:flappyAccount] AndroidManifest.xml:26:13-85
57            android:launchMode="singleTop" />
57-->[:flappyAccount] AndroidManifest.xml:27:13-43
58        <activity
58-->[:flappyAccount] AndroidManifest.xml:28:9-30:47
59            android:name="com.cpen391.flappyaccount.activity.StartActivity"
59-->[:flappyAccount] AndroidManifest.xml:29:13-76
60            android:launchMode="singleTask" />
60-->[:flappyAccount] AndroidManifest.xml:30:13-44
61        <activity
61-->[:flappyAccount] AndroidManifest.xml:31:9-33:46
62            android:name="com.cpen391.flappyaccount.activity.ResetPasswordActivity"
62-->[:flappyAccount] AndroidManifest.xml:32:13-84
63            android:launchMode="singleTop" />
63-->[:flappyAccount] AndroidManifest.xml:33:13-43
64        <activity
64-->[:flappyAccount] AndroidManifest.xml:34:9-36:46
65            android:name="com.cpen391.flappyaccount.activity.SignUpActivity"
65-->[:flappyAccount] AndroidManifest.xml:35:13-77
66            android:launchMode="singleTop" />
66-->[:flappyAccount] AndroidManifest.xml:36:13-43
67        <activity android:name="com.cpen391.flappyUI.SingleGameStartActivity" />
67-->[:flappyAccount] AndroidManifest.xml:41:9-81
67-->[:flappyAccount] AndroidManifest.xml:41:19-78
68        <activity android:name="com.cpen391.flappyUI.EndGamePointActivity" />
68-->[:flappyAccount] AndroidManifest.xml:42:9-78
68-->[:flappyAccount] AndroidManifest.xml:42:19-75
69        <activity android:name="com.cpen391.flappyUI.PersonalDataActivity" />
69-->[:flappyAccount] AndroidManifest.xml:43:9-78
69-->[:flappyAccount] AndroidManifest.xml:43:19-75
70        <activity android:name="com.cpen391.flappyVoiceRecording.VoiceControlActivity" />
70-->[:flappyAccount] AndroidManifest.xml:44:9-90
70-->[:flappyAccount] AndroidManifest.xml:44:19-87
71
72        <meta-data
72-->[:flappyAccount] AndroidManifest.xml:46:9-48:57
73            android:name="preloaded_fonts"
73-->[:flappyAccount] AndroidManifest.xml:47:13-43
74            android:resource="@array/preloaded_fonts" />
74-->[:flappyAccount] AndroidManifest.xml:48:13-54
75
76        <activity
76-->[:flappyBluetooth] AndroidManifest.xml:18:9-22:20
77            android:name="com.cpen391.flappybluetooth.activity.MainActivity"
77-->[:flappyBluetooth] AndroidManifest.xml:19:13-77
78            android:configChanges="orientation"
78-->[:flappyBluetooth] AndroidManifest.xml:20:13-48
79            android:screenOrientation="portrait" >
79-->[:flappyBluetooth] AndroidManifest.xml:21:13-49
80        </activity>
81
82        <service
82-->[com.google.firebase:firebase-database-ktx:19.6.0] AndroidManifest.xml:12:9-18:19
83            android:name="com.google.firebase.components.ComponentDiscoveryService"
83-->[com.google.firebase:firebase-database-ktx:19.6.0] AndroidManifest.xml:13:13-84
84            android:directBootAware="true"
84-->[com.google.firebase:firebase-common:19.5.0] AndroidManifest.xml:35:13-43
85            android:exported="false" >
85-->[com.google.firebase:firebase-database-ktx:19.6.0] AndroidManifest.xml:14:13-37
86            <meta-data
86-->[com.google.firebase:firebase-database-ktx:19.6.0] AndroidManifest.xml:15:13-17:85
87                android:name="com.google.firebase.components:com.google.firebase.database.ktx.FirebaseDatabaseKtxRegistrar"
87-->[com.google.firebase:firebase-database-ktx:19.6.0] AndroidManifest.xml:16:17-124
88                android:value="com.google.firebase.components.ComponentRegistrar" />
88-->[com.google.firebase:firebase-database-ktx:19.6.0] AndroidManifest.xml:17:17-82
89            <meta-data
89-->[com.google.firebase:firebase-common-ktx:19.5.0] AndroidManifest.xml:15:13-17:85
90                android:name="com.google.firebase.components:com.google.firebase.ktx.FirebaseCommonKtxRegistrar"
90-->[com.google.firebase:firebase-common-ktx:19.5.0] AndroidManifest.xml:16:17-113
91                android:value="com.google.firebase.components.ComponentRegistrar" />
91-->[com.google.firebase:firebase-common-ktx:19.5.0] AndroidManifest.xml:17:17-82
92            <meta-data
92-->[com.google.firebase:firebase-database:19.6.0] AndroidManifest.xml:32:13-34:85
93                android:name="com.google.firebase.components:com.google.firebase.database.DatabaseRegistrar"
93-->[com.google.firebase:firebase-database:19.6.0] AndroidManifest.xml:33:17-109
94                android:value="com.google.firebase.components.ComponentRegistrar" />
94-->[com.google.firebase:firebase-database:19.6.0] AndroidManifest.xml:34:17-82
95            <meta-data
95-->[com.google.firebase:firebase-auth:20.0.3] AndroidManifest.xml:77:13-79:85
96                android:name="com.google.firebase.components:com.google.firebase.auth.FirebaseAuthRegistrar"
96-->[com.google.firebase:firebase-auth:20.0.3] AndroidManifest.xml:78:17-109
97                android:value="com.google.firebase.components.ComponentRegistrar" />
97-->[com.google.firebase:firebase-auth:20.0.3] AndroidManifest.xml:79:17-82
98            <meta-data
98-->[com.google.android.gms:play-services-measurement-api:18.0.2] AndroidManifest.xml:30:13-32:85
99                android:name="com.google.firebase.components:com.google.firebase.analytics.connector.internal.AnalyticsConnectorRegistrar"
99-->[com.google.android.gms:play-services-measurement-api:18.0.2] AndroidManifest.xml:31:17-139
100                android:value="com.google.firebase.components.ComponentRegistrar" />
100-->[com.google.android.gms:play-services-measurement-api:18.0.2] AndroidManifest.xml:32:17-82
101            <meta-data
101-->[com.google.firebase:firebase-installations:16.3.5] AndroidManifest.xml:18:13-20:85
102                android:name="com.google.firebase.components:com.google.firebase.installations.FirebaseInstallationsRegistrar"
102-->[com.google.firebase:firebase-installations:16.3.5] AndroidManifest.xml:19:17-127
103                android:value="com.google.firebase.components.ComponentRegistrar" />
103-->[com.google.firebase:firebase-installations:16.3.5] AndroidManifest.xml:20:17-82
104            <!--
105                This registrar is not defined in the dynamic-module-support sdk itself to allow non-firebase
106                clients to use it as well, by defining this registrar in their own core/common library.
107            -->
108            <meta-data
108-->[com.google.firebase:firebase-common:19.5.0] AndroidManifest.xml:43:13-45:85
109                android:name="com.google.firebase.components:com.google.firebase.dynamicloading.DynamicLoadingRegistrar"
109-->[com.google.firebase:firebase-common:19.5.0] AndroidManifest.xml:44:17-121
110                android:value="com.google.firebase.components.ComponentRegistrar" />
110-->[com.google.firebase:firebase-common:19.5.0] AndroidManifest.xml:45:17-82
111        </service>
112        <service
112-->[com.squareup.leakcanary:leakcanary-android:2.4] AndroidManifest.xml:23:9-25:40
113            android:name="leakcanary.internal.HeapAnalyzerService"
113-->[com.squareup.leakcanary:leakcanary-android:2.4] AndroidManifest.xml:24:13-67
114            android:exported="false" />
114-->[com.squareup.leakcanary:leakcanary-android:2.4] AndroidManifest.xml:25:13-37
115
116        <provider
116-->[com.squareup.leakcanary:leakcanary-android-core:2.4] AndroidManifest.xml:29:9-37:20
117            android:name="leakcanary.internal.LeakCanaryFileProvider"
117-->[com.squareup.leakcanary:leakcanary-android-core:2.4] AndroidManifest.xml:30:13-70
118            android:authorities="com.squareup.leakcanary.fileprovider.com.cpen391.flappyBird.flappyAccountApp"
118-->[com.squareup.leakcanary:leakcanary-android-core:2.4] AndroidManifest.xml:31:13-88
119            android:exported="false"
119-->[com.squareup.leakcanary:leakcanary-android-core:2.4] AndroidManifest.xml:32:13-37
120            android:grantUriPermissions="true" >
120-->[com.squareup.leakcanary:leakcanary-android-core:2.4] AndroidManifest.xml:33:13-47
121            <meta-data
121-->[com.squareup.leakcanary:leakcanary-android-core:2.4] AndroidManifest.xml:34:13-36:66
122                android:name="android.support.FILE_PROVIDER_PATHS"
122-->[com.squareup.leakcanary:leakcanary-android-core:2.4] AndroidManifest.xml:35:17-67
123                android:resource="@xml/leak_canary_file_paths" />
123-->[com.squareup.leakcanary:leakcanary-android-core:2.4] AndroidManifest.xml:36:17-63
124        </provider>
125
126        <activity
126-->[com.squareup.leakcanary:leakcanary-android-core:2.4] AndroidManifest.xml:39:9-44:66
127            android:name="leakcanary.internal.activity.LeakActivity"
127-->[com.squareup.leakcanary:leakcanary-android-core:2.4] AndroidManifest.xml:40:13-69
128            android:icon="@mipmap/leak_canary_icon"
128-->[com.squareup.leakcanary:leakcanary-android-core:2.4] AndroidManifest.xml:41:13-52
129            android:label="@string/leak_canary_display_activity_label"
129-->[com.squareup.leakcanary:leakcanary-android-core:2.4] AndroidManifest.xml:42:13-71
130            android:taskAffinity="com.squareup.leakcanary.com.cpen391.flappyBird.flappyAccountApp"
130-->[com.squareup.leakcanary:leakcanary-android-core:2.4] AndroidManifest.xml:43:13-76
131            android:theme="@style/leak_canary_LeakCanary.Base" />
131-->[com.squareup.leakcanary:leakcanary-android-core:2.4] AndroidManifest.xml:44:13-63
132
133        <activity-alias
133-->[com.squareup.leakcanary:leakcanary-android-core:2.4] AndroidManifest.xml:46:9-62:26
134            android:name="leakcanary.internal.activity.LeakLauncherActivity"
134-->[com.squareup.leakcanary:leakcanary-android-core:2.4] AndroidManifest.xml:47:13-77
135            android:banner="@drawable/leak_canary_tv_icon"
135-->[com.squareup.leakcanary:leakcanary-android-core:2.4] AndroidManifest.xml:48:13-59
136            android:enabled="@bool/leak_canary_add_launcher_icon"
136-->[com.squareup.leakcanary:leakcanary-android-core:2.4] AndroidManifest.xml:49:13-66
137            android:icon="@mipmap/leak_canary_icon"
137-->[com.squareup.leakcanary:leakcanary-android-core:2.4] AndroidManifest.xml:50:13-52
138            android:label="@string/leak_canary_display_activity_label"
138-->[com.squareup.leakcanary:leakcanary-android-core:2.4] AndroidManifest.xml:51:13-71
139            android:targetActivity="leakcanary.internal.activity.LeakActivity"
139-->[com.squareup.leakcanary:leakcanary-android-core:2.4] AndroidManifest.xml:52:13-79
140            android:taskAffinity="com.squareup.leakcanary.com.cpen391.flappyBird.flappyAccountApp"
140-->[com.squareup.leakcanary:leakcanary-android-core:2.4] AndroidManifest.xml:53:13-76
141            android:theme="@style/leak_canary_LeakCanary.Base" >
141-->[com.squareup.leakcanary:leakcanary-android-core:2.4] AndroidManifest.xml:54:13-63
142            <intent-filter>
142-->[com.squareup.leakcanary:leakcanary-android-core:2.4] AndroidManifest.xml:55:13-61:29
143                <action android:name="android.intent.action.MAIN" />
143-->src\main\AndroidManifest.xml:16:17-69
143-->src\main\AndroidManifest.xml:16:25-66
144
145                <category android:name="android.intent.category.LAUNCHER" />
145-->src\main\AndroidManifest.xml:18:17-77
145-->src\main\AndroidManifest.xml:18:27-74
146                <!-- Android TV launcher intent -->
147                <category android:name="android.intent.category.LEANBACK_LAUNCHER" />
147-->[com.squareup.leakcanary:leakcanary-android-core:2.4] AndroidManifest.xml:60:17-86
147-->[com.squareup.leakcanary:leakcanary-android-core:2.4] AndroidManifest.xml:60:27-83
148            </intent-filter>
149        </activity-alias>
150
151        <activity
151-->[com.squareup.leakcanary:leakcanary-android-core:2.4] AndroidManifest.xml:64:9-70:68
152            android:name="leakcanary.internal.RequestStoragePermissionActivity"
152-->[com.squareup.leakcanary:leakcanary-android-core:2.4] AndroidManifest.xml:65:13-80
153            android:excludeFromRecents="true"
153-->[com.squareup.leakcanary:leakcanary-android-core:2.4] AndroidManifest.xml:66:13-46
154            android:icon="@mipmap/leak_canary_icon"
154-->[com.squareup.leakcanary:leakcanary-android-core:2.4] AndroidManifest.xml:67:13-52
155            android:label="@string/leak_canary_storage_permission_activity_label"
155-->[com.squareup.leakcanary:leakcanary-android-core:2.4] AndroidManifest.xml:68:13-82
156            android:taskAffinity="com.squareup.leakcanary.com.cpen391.flappyBird.flappyAccountApp"
156-->[com.squareup.leakcanary:leakcanary-android-core:2.4] AndroidManifest.xml:69:13-76
157            android:theme="@style/leak_canary_Theme.Transparent" />
157-->[com.squareup.leakcanary:leakcanary-android-core:2.4] AndroidManifest.xml:70:13-65
158
159        <receiver android:name="leakcanary.internal.NotificationReceiver" />
159-->[com.squareup.leakcanary:leakcanary-android-core:2.4] AndroidManifest.xml:72:9-77
159-->[com.squareup.leakcanary:leakcanary-android-core:2.4] AndroidManifest.xml:72:19-74
160
161        <provider
161-->[com.squareup.leakcanary:leakcanary-object-watcher-android:2.4] AndroidManifest.xml:8:9-12:40
162            android:name="leakcanary.internal.AppWatcherInstaller$MainProcess"
162-->[com.squareup.leakcanary:leakcanary-object-watcher-android:2.4] AndroidManifest.xml:9:13-79
163            android:authorities="com.cpen391.flappyBird.flappyAccountApp.leakcanary-installer"
163-->[com.squareup.leakcanary:leakcanary-object-watcher-android:2.4] AndroidManifest.xml:10:13-72
164            android:enabled="@bool/leak_canary_watcher_auto_install"
164-->[com.squareup.leakcanary:leakcanary-object-watcher-android:2.4] AndroidManifest.xml:11:13-69
165            android:exported="false" />
165-->[com.squareup.leakcanary:leakcanary-object-watcher-android:2.4] AndroidManifest.xml:12:13-37
166        <provider
166-->[com.squareup.leakcanary:plumber-android:2.4] AndroidManifest.xml:8:9-12:40
167            android:name="leakcanary.internal.PlumberInstaller"
167-->[com.squareup.leakcanary:plumber-android:2.4] AndroidManifest.xml:9:13-64
168            android:authorities="com.cpen391.flappyBird.flappyAccountApp.plumber-installer"
168-->[com.squareup.leakcanary:plumber-android:2.4] AndroidManifest.xml:10:13-69
169            android:enabled="@bool/leak_canary_plumber_auto_install"
169-->[com.squareup.leakcanary:plumber-android:2.4] AndroidManifest.xml:11:13-69
170            android:exported="false" />
170-->[com.squareup.leakcanary:plumber-android:2.4] AndroidManifest.xml:12:13-37
171
172        <activity
172-->[com.google.firebase:firebase-auth:20.0.3] AndroidManifest.xml:27:9-44:20
173            android:name="com.google.firebase.auth.internal.GenericIdpActivity"
173-->[com.google.firebase:firebase-auth:20.0.3] AndroidManifest.xml:28:13-80
174            android:excludeFromRecents="true"
174-->[com.google.firebase:firebase-auth:20.0.3] AndroidManifest.xml:29:13-46
175            android:exported="true"
175-->[com.google.firebase:firebase-auth:20.0.3] AndroidManifest.xml:30:13-36
176            android:launchMode="singleTask"
176-->[com.google.firebase:firebase-auth:20.0.3] AndroidManifest.xml:31:13-44
177            android:theme="@android:style/Theme.Translucent.NoTitleBar" >
177-->[com.google.firebase:firebase-auth:20.0.3] AndroidManifest.xml:32:13-72
178            <intent-filter>
178-->[com.google.firebase:firebase-auth:20.0.3] AndroidManifest.xml:33:13-43:29
179                <action android:name="android.intent.action.VIEW" />
179-->[com.google.firebase:firebase-auth:20.0.3] AndroidManifest.xml:34:17-69
179-->[com.google.firebase:firebase-auth:20.0.3] AndroidManifest.xml:34:25-66
180
181                <category android:name="android.intent.category.DEFAULT" />
181-->[com.google.firebase:firebase-auth:20.0.3] AndroidManifest.xml:36:17-76
181-->[com.google.firebase:firebase-auth:20.0.3] AndroidManifest.xml:36:27-73
182                <category android:name="android.intent.category.BROWSABLE" />
182-->[com.google.firebase:firebase-auth:20.0.3] AndroidManifest.xml:37:17-78
182-->[com.google.firebase:firebase-auth:20.0.3] AndroidManifest.xml:37:27-75
183
184                <data
184-->[com.google.firebase:firebase-auth:20.0.3] AndroidManifest.xml:39:17-42:51
185                    android:host="firebase.auth"
185-->[com.google.firebase:firebase-auth:20.0.3] AndroidManifest.xml:40:21-49
186                    android:path="/"
186-->[com.google.firebase:firebase-auth:20.0.3] AndroidManifest.xml:41:21-37
187                    android:scheme="genericidp" />
187-->[com.google.firebase:firebase-auth:20.0.3] AndroidManifest.xml:42:21-48
188            </intent-filter>
189        </activity>
190        <activity
190-->[com.google.firebase:firebase-auth:20.0.3] AndroidManifest.xml:45:9-62:20
191            android:name="com.google.firebase.auth.internal.RecaptchaActivity"
191-->[com.google.firebase:firebase-auth:20.0.3] AndroidManifest.xml:46:13-79
192            android:excludeFromRecents="true"
192-->[com.google.firebase:firebase-auth:20.0.3] AndroidManifest.xml:47:13-46
193            android:exported="true"
193-->[com.google.firebase:firebase-auth:20.0.3] AndroidManifest.xml:48:13-36
194            android:launchMode="singleTask"
194-->[com.google.firebase:firebase-auth:20.0.3] AndroidManifest.xml:49:13-44
195            android:theme="@android:style/Theme.Translucent.NoTitleBar" >
195-->[com.google.firebase:firebase-auth:20.0.3] AndroidManifest.xml:50:13-72
196            <intent-filter>
196-->[com.google.firebase:firebase-auth:20.0.3] AndroidManifest.xml:51:13-61:29
197                <action android:name="android.intent.action.VIEW" />
197-->[com.google.firebase:firebase-auth:20.0.3] AndroidManifest.xml:34:17-69
197-->[com.google.firebase:firebase-auth:20.0.3] AndroidManifest.xml:34:25-66
198
199                <category android:name="android.intent.category.DEFAULT" />
199-->[com.google.firebase:firebase-auth:20.0.3] AndroidManifest.xml:36:17-76
199-->[com.google.firebase:firebase-auth:20.0.3] AndroidManifest.xml:36:27-73
200                <category android:name="android.intent.category.BROWSABLE" />
200-->[com.google.firebase:firebase-auth:20.0.3] AndroidManifest.xml:37:17-78
200-->[com.google.firebase:firebase-auth:20.0.3] AndroidManifest.xml:37:27-75
201
202                <data
202-->[com.google.firebase:firebase-auth:20.0.3] AndroidManifest.xml:39:17-42:51
203                    android:host="firebase.auth"
203-->[com.google.firebase:firebase-auth:20.0.3] AndroidManifest.xml:40:21-49
204                    android:path="/"
204-->[com.google.firebase:firebase-auth:20.0.3] AndroidManifest.xml:41:21-37
205                    android:scheme="recaptcha" />
205-->[com.google.firebase:firebase-auth:20.0.3] AndroidManifest.xml:42:21-48
206            </intent-filter>
207        </activity>
208
209        <service
209-->[com.google.firebase:firebase-auth:20.0.3] AndroidManifest.xml:64:9-73:19
210            android:name="com.google.firebase.auth.api.fallback.service.FirebaseAuthFallbackService"
210-->[com.google.firebase:firebase-auth:20.0.3] AndroidManifest.xml:65:13-101
211            android:enabled="true"
211-->[com.google.firebase:firebase-auth:20.0.3] AndroidManifest.xml:66:13-35
212            android:exported="false" >
212-->[com.google.firebase:firebase-auth:20.0.3] AndroidManifest.xml:67:13-37
213            <intent-filter>
213-->[com.google.firebase:firebase-auth:20.0.3] AndroidManifest.xml:68:13-72:29
214                <action android:name="com.google.firebase.auth.api.gms.service.START" />
214-->[com.google.firebase:firebase-auth:20.0.3] AndroidManifest.xml:69:17-89
214-->[com.google.firebase:firebase-auth:20.0.3] AndroidManifest.xml:69:25-86
215
216                <category android:name="android.intent.category.DEFAULT" />
216-->[com.google.firebase:firebase-auth:20.0.3] AndroidManifest.xml:36:17-76
216-->[com.google.firebase:firebase-auth:20.0.3] AndroidManifest.xml:36:27-73
217            </intent-filter>
218        </service>
219
220        <provider
220-->[com.google.firebase:firebase-common:19.5.0] AndroidManifest.xml:26:9-31:39
221            android:name="com.google.firebase.provider.FirebaseInitProvider"
221-->[com.google.firebase:firebase-common:19.5.0] AndroidManifest.xml:27:13-77
222            android:authorities="com.cpen391.flappyBird.flappyAccountApp.firebaseinitprovider"
222-->[com.google.firebase:firebase-common:19.5.0] AndroidManifest.xml:28:13-72
223            android:directBootAware="true"
223-->[com.google.firebase:firebase-common:19.5.0] AndroidManifest.xml:29:13-43
224            android:exported="false"
224-->[com.google.firebase:firebase-common:19.5.0] AndroidManifest.xml:30:13-37
225            android:initOrder="100" />
225-->[com.google.firebase:firebase-common:19.5.0] AndroidManifest.xml:31:13-36
226
227        <activity
227-->[com.google.android.gms:play-services-base:17.1.0] AndroidManifest.xml:23:9-26:75
228            android:name="com.google.android.gms.common.api.GoogleApiActivity"
228-->[com.google.android.gms:play-services-base:17.1.0] AndroidManifest.xml:24:13-79
229            android:exported="false"
229-->[com.google.android.gms:play-services-base:17.1.0] AndroidManifest.xml:25:13-37
230            android:theme="@android:style/Theme.Translucent.NoTitleBar" />
230-->[com.google.android.gms:play-services-base:17.1.0] AndroidManifest.xml:26:13-72
231
232        <receiver
232-->[com.google.android.gms:play-services-measurement:18.0.2] AndroidManifest.xml:29:9-33:20
233            android:name="com.google.android.gms.measurement.AppMeasurementReceiver"
233-->[com.google.android.gms:play-services-measurement:18.0.2] AndroidManifest.xml:30:13-85
234            android:enabled="true"
234-->[com.google.android.gms:play-services-measurement:18.0.2] AndroidManifest.xml:31:13-35
235            android:exported="false" >
235-->[com.google.android.gms:play-services-measurement:18.0.2] AndroidManifest.xml:32:13-37
236        </receiver>
237
238        <service
238-->[com.google.android.gms:play-services-measurement:18.0.2] AndroidManifest.xml:35:9-38:40
239            android:name="com.google.android.gms.measurement.AppMeasurementService"
239-->[com.google.android.gms:play-services-measurement:18.0.2] AndroidManifest.xml:36:13-84
240            android:enabled="true"
240-->[com.google.android.gms:play-services-measurement:18.0.2] AndroidManifest.xml:37:13-35
241            android:exported="false" />
241-->[com.google.android.gms:play-services-measurement:18.0.2] AndroidManifest.xml:38:13-37
242        <service
242-->[com.google.android.gms:play-services-measurement:18.0.2] AndroidManifest.xml:39:9-43:72
243            android:name="com.google.android.gms.measurement.AppMeasurementJobService"
243-->[com.google.android.gms:play-services-measurement:18.0.2] AndroidManifest.xml:40:13-87
244            android:enabled="true"
244-->[com.google.android.gms:play-services-measurement:18.0.2] AndroidManifest.xml:41:13-35
245            android:exported="false"
245-->[com.google.android.gms:play-services-measurement:18.0.2] AndroidManifest.xml:42:13-37
246            android:permission="android.permission.BIND_JOB_SERVICE" />
246-->[com.google.android.gms:play-services-measurement:18.0.2] AndroidManifest.xml:43:13-69
247
248        <meta-data
248-->[com.google.android.gms:play-services-basement:17.1.0] AndroidManifest.xml:23:9-25:69
249            android:name="com.google.android.gms.version"
249-->[com.google.android.gms:play-services-basement:17.1.0] AndroidManifest.xml:24:13-58
250            android:value="@integer/google_play_services_version" />
250-->[com.google.android.gms:play-services-basement:17.1.0] AndroidManifest.xml:25:13-66
251
252        <provider
252-->[androidx.startup:startup-runtime:1.0.0] AndroidManifest.xml:26:9-30:34
253            android:name="androidx.startup.InitializationProvider"
253-->[androidx.startup:startup-runtime:1.0.0] AndroidManifest.xml:27:13-67